<?xml version="1.0" encoding="UTF-8"?>
<!-- Generated by org.testng.reporters.JUnitReportReporter -->
<testsuite hostname="Katie" name="testCases.ExecuteTest" tests="1" failures="0" timestamp="20 May 2016 23:05:51 GMT" time="21.313" errors="0">
  <testcase name="testLogin" time="21.313" classname="testCases.ExecuteTest"/>
</testsuite> <!-- testCases.ExecuteTest -->
